2017-10-15 17:51:44 CDT LOG:  database system was interrupted; last known up at 2017-10-09 23:00:38 CDT
2017-10-15 17:51:44 CDT FATAL:  the database system is starting up
2017-10-15 17:51:45 CDT FATAL:  the database system is starting up
2017-10-15 17:51:46 CDT FATAL:  the database system is starting up
2017-10-15 17:51:47 CDT FATAL:  the database system is starting up
2017-10-15 17:51:48 CDT FATAL:  the database system is starting up
2017-10-15 17:51:49 CDT FATAL:  the database system is starting up
2017-10-15 17:51:50 CDT FATAL:  the database system is starting up
2017-10-15 17:51:51 CDT FATAL:  the database system is starting up
2017-10-15 17:51:52 CDT FATAL:  the database system is starting up
2017-10-15 17:51:53 CDT FATAL:  the database system is starting up
2017-10-15 17:51:54 CDT FATAL:  the database system is starting up
2017-10-15 17:51:55 CDT FATAL:  the database system is starting up
2017-10-15 17:51:56 CDT FATAL:  the database system is starting up
2017-10-15 17:51:57 CDT FATAL:  the database system is starting up
2017-10-15 17:51:59 CDT FATAL:  the database system is starting up
2017-10-15 17:52:00 CDT FATAL:  the database system is starting up
2017-10-15 17:52:01 CDT FATAL:  the database system is starting up
2017-10-15 17:52:02 CDT FATAL:  the database system is starting up
2017-10-15 17:52:03 CDT FATAL:  the database system is starting up
2017-10-15 17:52:04 CDT FATAL:  the database system is starting up
2017-10-15 17:52:05 CDT FATAL:  the database system is starting up
2017-10-15 17:52:06 CDT FATAL:  the database system is starting up
2017-10-15 17:52:07 CDT FATAL:  the database system is starting up
2017-10-15 17:52:08 CDT FATAL:  the database system is starting up
2017-10-15 17:52:09 CDT FATAL:  the database system is starting up
2017-10-15 17:52:10 CDT FATAL:  the database system is starting up
2017-10-15 17:52:11 CDT FATAL:  the database system is starting up
2017-10-15 17:52:12 CDT FATAL:  the database system is starting up
2017-10-15 17:52:13 CDT FATAL:  the database system is starting up
2017-10-15 17:52:14 CDT FATAL:  the database system is starting up
2017-10-15 17:52:15 CDT FATAL:  the database system is starting up
2017-10-15 17:52:16 CDT FATAL:  the database system is starting up
2017-10-15 17:52:17 CDT FATAL:  the database system is starting up
2017-10-15 17:52:18 CDT FATAL:  the database system is starting up
2017-10-15 17:52:19 CDT FATAL:  the database system is starting up
2017-10-15 17:52:20 CDT LOG:  database system was not properly shut down; automatic recovery in progress
2017-10-15 17:52:20 CDT LOG:  invalid record length at 0/1907038: wanted 24, got 0
2017-10-15 17:52:20 CDT LOG:  redo is not required
2017-10-15 17:52:20 CDT FATAL:  the database system is starting up
2017-10-15 17:52:21 CDT LOG:  MultiXact member wraparound protections are now enabled
2017-10-15 17:52:21 CDT LOG:  autovacuum launcher started
2017-10-15 17:52:21 CDT LOG:  database system is ready to accept connections
2017-10-15 18:00:14 CDT LOG:  could not receive data from client: An existing connection was forcibly closed by the remote host.
	
2017-10-15 18:00:14 CDT LOG:  could not receive data from client: An existing connection was forcibly closed by the remote host.
	
