2017-10-03 12:15:32 CDT LOG:  database system was interrupted; last known up at 2017-09-30 11:49:38 CDT
2017-10-03 12:15:32 CDT LOG:  database system was not properly shut down; automatic recovery in progress
2017-10-03 12:15:32 CDT LOG:  redo starts at 0/1769318
2017-10-03 12:15:32 CDT LOG:  invalid record length at 0/177CF68: wanted 24, got 0
2017-10-03 12:15:32 CDT LOG:  redo done at 0/177CF30
2017-10-03 12:15:32 CDT LOG:  last completed transaction was at log time 2017-09-30 11:53:49.960109-05
2017-10-03 12:15:32 CDT LOG:  MultiXact member wraparound protections are now enabled
2017-10-03 12:15:32 CDT LOG:  database system is ready to accept connections
2017-10-03 12:15:32 CDT LOG:  autovacuum launcher started
2017-10-03 12:17:43 CDT ERROR:  column "id" does not exist at character 29
2017-10-03 12:17:43 CDT STATEMENT:  select * from "USERS" where "id" = $1 limit 1
2017-10-03 12:17:47 CDT ERROR:  column "id" does not exist at character 29
2017-10-03 12:17:47 CDT STATEMENT:  select * from "USERS" where "id" = $1 limit 1
2017-10-03 12:19:03 CDT LOG:  could not receive data from client: An existing connection was forcibly closed by the remote host.
	
2017-10-03 12:19:03 CDT LOG:  could not receive data from client: An existing connection was forcibly closed by the remote host.
	
2017-10-03 12:19:03 CDT LOG:  could not receive data from client: An existing connection was forcibly closed by the remote host.
	
2017-10-03 12:19:05 CDT LOG:  received fast shutdown request
2017-10-03 12:19:05 CDT LOG:  aborting any active transactions
2017-10-03 12:19:05 CDT LOG:  autovacuum launcher shutting down
2017-10-03 12:19:05 CDT LOG:  shutting down
2017-10-03 12:19:05 CDT LOG:  database system is shut down
