2017-10-06 03:51:32 CDT ERROR:  column "name" does not exist at character 48
2017-10-06 03:51:32 CDT STATEMENT:  select * from "USERS" where "id" = $1 order by "name" asc limit 1
2017-10-06 03:51:39 CDT ERROR:  column "name" does not exist at character 48
2017-10-06 03:51:39 CDT STATEMENT:  select * from "USERS" where "id" = $1 order by "name" asc limit 1
2017-10-06 03:51:42 CDT ERROR:  column "name" does not exist at character 48
2017-10-06 03:51:42 CDT STATEMENT:  select * from "USERS" where "id" = $1 order by "name" asc limit 1
2017-10-06 03:52:06 CDT ERROR:  column "name" does not exist at character 110
2017-10-06 03:52:06 CDT STATEMENT:  select "firstName", "lastName", "email", "role", "id" from "USERS" where "role" = $1 or "role" = $2 order by "name" asc
2017-10-06 11:39:10 CDT LOG:  could not receive data from client: An existing connection was forcibly closed by the remote host.
	
2017-10-06 11:39:10 CDT LOG:  could not receive data from client: An existing connection was forcibly closed by the remote host.
	
2017-10-06 11:39:10 CDT LOG:  could not receive data from client: An existing connection was forcibly closed by the remote host.
	
2017-10-06 11:39:10 CDT LOG:  could not receive data from client: An existing connection was forcibly closed by the remote host.
	
2017-10-06 11:39:10 CDT LOG:  could not receive data from client: An existing connection was forcibly closed by the remote host.
	
2017-10-06 11:39:10 CDT LOG:  could not receive data from client: An existing connection was forcibly closed by the remote host.
	
2017-10-06 11:39:10 CDT LOG:  could not receive data from client: An existing connection was forcibly closed by the remote host.
	
2017-10-06 12:08:32 CDT ERROR:  column "businessEmail" does not exist at character 49
2017-10-06 12:08:32 CDT STATEMENT:  select count(*) as aggregate from "USERS" where "businessEmail" = $1
2017-10-06 12:09:16 CDT ERROR:  column "businessEmail" does not exist at character 49
2017-10-06 12:09:16 CDT STATEMENT:  select count(*) as aggregate from "USERS" where "businessEmail" = $1
2017-10-06 12:10:57 CDT ERROR:  column "businessEmail" does not exist at character 49
2017-10-06 12:10:57 CDT STATEMENT:  select count(*) as aggregate from "USERS" where "businessEmail" = $1
2017-10-06 12:12:54 CDT ERROR:  column "businessEmail" does not exist at character 49
2017-10-06 12:12:54 CDT STATEMENT:  select count(*) as aggregate from "USERS" where "businessEmail" = $1
2017-10-06 12:18:04 CDT ERROR:  column "businessEmail" does not exist at character 49
2017-10-06 12:18:04 CDT STATEMENT:  select count(*) as aggregate from "USERS" where "businessEmail" = $1
2017-10-06 12:20:19 CDT ERROR:  column "businessEmail" does not exist at character 49
2017-10-06 12:20:19 CDT STATEMENT:  select count(*) as aggregate from "USERS" where "businessEmail" = $1
2017-10-06 12:20:36 CDT ERROR:  column "businessEmail" does not exist at character 49
2017-10-06 12:20:36 CDT STATEMENT:  select count(*) as aggregate from "USERS" where "businessEmail" = $1
2017-10-06 12:23:27 CDT ERROR:  column "businessEmail" does not exist at character 52
2017-10-06 12:23:27 CDT STATEMENT:  select count(*) as aggregate from "BUSINESS" where "businessEmail" = $1
2017-10-06 12:24:59 CDT ERROR:  column "email" does not exist at character 60
2017-10-06 12:24:59 CDT STATEMENT:  SELECT "businessID", "businessName", category, "busDescr", email, phone
		FROM public."BUSINESS";
2017-10-06 14:00:41 CDT LOG:  could not receive data from client: An existing connection was forcibly closed by the remote host.
	
2017-10-06 14:00:41 CDT LOG:  could not receive data from client: An existing connection was forcibly closed by the remote host.
	
2017-10-06 14:00:41 CDT LOG:  could not receive data from client: An existing connection was forcibly closed by the remote host.
	
2017-10-06 14:00:41 CDT LOG:  could not receive data from client: An existing connection was forcibly closed by the remote host.
	
2017-10-06 14:00:41 CDT LOG:  could not receive data from client: An existing connection was forcibly closed by the remote host.
	
