2017-10-22 18:26:19 CDT LOG:  database system was shut down at 2017-10-22 18:25:21 CDT
2017-10-22 18:26:19 CDT LOG:  MultiXact member wraparound protections are now enabled
2017-10-22 18:26:19 CDT LOG:  database system is ready to accept connections
2017-10-22 18:26:19 CDT LOG:  autovacuum launcher started
2017-10-22 18:27:04 CDT ERROR:  syntax error at or near "<" at character 37
2017-10-22 18:27:04 CDT STATEMENT:  DELETE FROM public."ACCOUNT"
		WHERE <condition>;
2017-10-22 18:27:07 CDT ERROR:  syntax error at or near "<" at character 37
2017-10-22 18:27:07 CDT STATEMENT:  DELETE FROM public."ACCOUNT"
		WHERE <condition>;
2017-10-22 18:27:27 CDT ERROR:  relation "public.*" does not exist at character 13
2017-10-22 18:27:27 CDT STATEMENT:  DELETE FROM public."*"
	;
2017-10-22 18:27:31 CDT ERROR:  syntax error at or near ";" at character 22
2017-10-22 18:27:31 CDT STATEMENT:  DELETE FROM public.*
	;
2017-10-22 18:27:36 CDT ERROR:  syntax error at or near "*" at character 13
2017-10-22 18:27:36 CDT STATEMENT:  DELETE FROM *
	;
2017-10-22 18:27:41 CDT ERROR:  syntax error at or near "*" at character 8
2017-10-22 18:27:41 CDT STATEMENT:  DELETE *
	;
2017-10-22 18:27:53 CDT ERROR:  syntax error at or near "<" at character 38
2017-10-22 18:27:53 CDT STATEMENT:  DELETE FROM public."BUSINESS"
		WHERE <condition>;
2017-10-22 18:27:57 CDT ERROR:  update or delete on table "BUSINESS" violates foreign key constraint "fk-business-businessID" on table "REWARD"
2017-10-22 18:27:57 CDT DETAIL:  Key (businessID)=(1) is still referenced from table "REWARD".
2017-10-22 18:27:57 CDT STATEMENT:  DELETE FROM public."BUSINESS"
2017-10-22 18:28:02 CDT ERROR:  update or delete on table "BUSINESS" violates foreign key constraint "fk-business-businessID" on table "REWARD"
2017-10-22 18:28:02 CDT DETAIL:  Key (businessID)=(1) is still referenced from table "REWARD".
2017-10-22 18:28:02 CDT STATEMENT:  DELETE FROM public."BUSINESS";
2017-10-22 18:28:28 CDT ERROR:  syntax error at or near "<" at character 36
2017-10-22 18:28:28 CDT STATEMENT:  DELETE FROM public."REWARD"
		WHERE <condition>;
2017-10-22 18:28:40 CDT ERROR:  update or delete on table "BUSINESS" violates foreign key constraint "fk-location-businessID" on table "LOCATION"
2017-10-22 18:28:40 CDT DETAIL:  Key (businessID)=(1) is still referenced from table "LOCATION".
2017-10-22 18:28:40 CDT STATEMENT:  DELETE FROM public."BUSINESS";
2017-10-22 18:28:41 CDT ERROR:  update or delete on table "BUSINESS" violates foreign key constraint "fk-location-businessID" on table "LOCATION"
2017-10-22 18:28:41 CDT DETAIL:  Key (businessID)=(1) is still referenced from table "LOCATION".
2017-10-22 18:28:41 CDT STATEMENT:  DELETE FROM public."BUSINESS";
2017-10-22 18:28:50 CDT ERROR:  update or delete on table "LOCATION" violates foreign key constraint "fk-location" on table "EMPLOYEE"
2017-10-22 18:28:50 CDT DETAIL:  Key (businessID, locationID)=(11, 3) is still referenced from table "EMPLOYEE".
2017-10-22 18:28:50 CDT STATEMENT:  DELETE FROM public."LOCATION"
	;
2017-10-22 18:29:35 CDT ERROR:  syntax error at or near "<" at character 44
2017-10-22 18:29:35 CDT STATEMENT:  DELETE FROM public."CLAIMED_REWARD"
		WHERE <condition>;
2017-10-22 18:29:49 CDT ERROR:  syntax error at or near "<" at character 38
2017-10-22 18:29:49 CDT STATEMENT:  DELETE FROM public."NFC_CARD"
		WHERE <condition>;
2017-10-22 18:33:09 CDT ERROR:  insert or update on table "EMPLOYEE" violates foreign key constraint "fk-employee-emplid"
2017-10-22 18:33:09 CDT DETAIL:  Key (emplid)=(Owner1@ex.com) is not present in table "USERS".
2017-10-22 18:33:09 CDT STATEMENT:  insert into "EMPLOYEE" ("businessID", "emplid", "empStatus", "locationID") values ($1, $2, $3, $4)
2017-10-22 19:16:52 CDT ERROR:  column EMPLOYEE.status does not exist at character 211
2017-10-22 19:16:52 CDT STATEMENT:  select "USERS"."firstName", "USERS"."lastName", "USERS"."email", "USERS"."role", "USERS"."id" from "USERS" inner join "EMPLOYEE" on "USERS"."email" = "EMPLOYEE"."emplid" where ("EMPLOYEE"."businessID" = $1 and "EMPLOYEE"."status" = $2) order by "USERS"."lastName" asc
2017-10-22 19:55:59 CDT ERROR:  column "id" does not exist at character 30
2017-10-22 19:55:59 CDT STATEMENT:  select * from "REWARD" where "id" = $1 limit 1
2017-10-22 19:56:10 CDT ERROR:  column "emplid" does not exist at character 44
2017-10-22 19:56:10 CDT STATEMENT:  update "REWARD" set "empStatus" = $1 where "emplid" = $2
2017-10-22 21:12:50 CDT ERROR:  column "locationID" does not exist at character 49
2017-10-22 21:12:50 CDT STATEMENT:  update "REWARD" set "locationStatus" = $1 where "locationID" = $2
2017-10-22 21:29:15 CDT ERROR:  column "readerID" does not exist at character 51
2017-10-22 21:29:15 CDT STATEMENT:  update "NFC_READER" set "readerStatus" = $1 where "readerID" = $2
