2017-09-27 13:29:24 CDT ERROR:  column "Supreme Coffee" does not exist at character 117
2017-09-27 13:29:24 CDT STATEMENT:  INSERT INTO public."BUSINESS"(
		"businessID", "businessName", category, "busDescr", email, phone)
		VALUES (default, "Supreme Coffee", "Restaurant", "Test coffee shop", "supercoffee@comp.com", "5733334444");
2017-09-27 13:30:01 CDT ERROR:  column "Supreme Coffee" does not exist at character 108
2017-09-27 13:30:01 CDT STATEMENT:  INSERT INTO public."BUSINESS"(
		"businessID", "businessName", category, "busDescr", email, phone)
		VALUES ("Supreme Coffee", "Restaurant", "Test coffee shop", "supercoffee@comp.com", "5733334444");
2017-09-27 13:30:35 CDT ERROR:  column "Test coffee shop" does not exist at character 140
2017-09-27 13:30:35 CDT STATEMENT:  INSERT INTO public."BUSINESS"(
		"businessID", "businessName", category, "busDescr", email, phone)
		VALUES ('Supreme Coffee', 'Restaurant', "Test coffee shop", "supercoffee@comp.com", "5733334444");
2017-09-27 13:31:05 CDT ERROR:  INSERT has more target columns than expressions at character 92
2017-09-27 13:31:05 CDT STATEMENT:  INSERT INTO public."BUSINESS"(
		"businessID", "businessName", category, "busDescr", email, phone)
		VALUES ('Supreme Coffee', 'Restaurant', 'Test coffee shop', 'supercoffee@comp.com', '5733334444');
2017-09-27 14:00:51 CDT ERROR:  value too long for type character(10)
2017-09-27 14:00:51 CDT STATEMENT:  INSERT INTO public."BUSINESS"(
		"businessID", "businessName", category, "busDescr", email, phone)
		VALUES (default, 'Spinner Records', 'Record Store', 'Vintage vinyl records', 'spinnerrecords@rec.rec', '5735552345');
2017-09-27 21:13:41 CDT LOG:  could not receive data from client: An existing connection was forcibly closed by the remote host.
	
2017-09-27 21:13:41 CDT LOG:  could not receive data from client: An existing connection was forcibly closed by the remote host.
	
2017-09-27 21:13:41 CDT LOG:  could not receive data from client: An existing connection was forcibly closed by the remote host.
	
2017-09-27 21:13:41 CDT LOG:  could not receive data from client: An existing connection was forcibly closed by the remote host.
	
2017-09-27 21:13:41 CDT LOG:  could not receive data from client: An existing connection was forcibly closed by the remote host.
	
