2017-11-01 00:04:39 CDT ERROR:  duplicate key value violates unique constraint "USERS_pkey"
2017-11-01 00:04:39 CDT DETAIL:  Key (email)=(owner2@ex.com) already exists.
2017-11-01 00:04:39 CDT STATEMENT:  insert into "USERS" ("firstName", "lastName", "role", "phone", "address1", "address2", "city", "state", "postalCode", "email", "password", "status", "updated_at", "created_at") values ($1, $2, $3, $4, $5, $6, $7, $8, $9, $10, $11, $12, $13, $14) returning "id"
2017-11-01 01:56:48 CDT LOG:  could not receive data from client: An existing connection was forcibly closed by the remote host.
	
2017-11-01 01:56:48 CDT LOG:  could not receive data from client: An existing connection was forcibly closed by the remote host.
	
2017-11-01 01:56:48 CDT LOG:  could not receive data from client: An existing connection was forcibly closed by the remote host.
	
2017-11-01 01:56:48 CDT LOG:  could not receive data from client: An existing connection was forcibly closed by the remote host.
	
2017-11-01 01:56:48 CDT LOG:  could not receive data from client: An existing connection was forcibly closed by the remote host.
	
2017-11-01 01:56:48 CDT LOG:  could not receive data from client: An existing connection was forcibly closed by the remote host.
	
2017-11-01 01:56:48 CDT LOG:  could not receive data from client: An existing connection was forcibly closed by the remote host.
	
2017-11-01 01:56:48 CDT LOG:  could not receive data from client: An existing connection was forcibly closed by the remote host.
	
2017-11-01 01:56:48 CDT LOG:  could not receive data from client: An existing connection was forcibly closed by the remote host.
	
2017-11-01 22:08:11 CDT ERROR:  duplicate key value violates unique constraint "CLAIMED_REWARD_pkey"
2017-11-01 22:08:11 CDT DETAIL:  Key ("patronID")=(patron1@ex.com                                                                                      ) already exists.
2017-11-01 22:08:11 CDT STATEMENT:  insert into "CLAIMED_REWARD" ("patronID", "rewardID", "claimTimeStamp") values ($1, $2, $3)
2017-11-01 22:09:31 CDT ERROR:  duplicate key value violates unique constraint "CLAIMED_REWARD_pkey"
2017-11-01 22:09:31 CDT DETAIL:  Key ("patronID")=(patron1@ex.com) already exists.
2017-11-01 22:09:31 CDT STATEMENT:  insert into "CLAIMED_REWARD" ("patronID", "rewardID", "claimTimeStamp") values ($1, $2, $3)
2017-11-01 22:13:22 CDT ERROR:  duplicate key value violates unique constraint "CLAIMED_REWARD_pkey"
2017-11-01 22:13:22 CDT DETAIL:  Key ("patronID")=(patron1@ex.com) already exists.
2017-11-01 22:13:22 CDT STATEMENT:  insert into "CLAIMED_REWARD" ("patronID", "rewardID", "claimTimeStamp") values ($1, $2, $3)
2017-11-01 22:14:10 CDT ERROR:  column "ID" does not exist at character 50
2017-11-01 22:14:10 CDT STATEMENT:  SELECT "patronID", "rewardID", "claimTimeStamp", "ID"
		FROM public."CLAIMED_REWARD";
2017-11-01 22:29:43 CDT ERROR:  column SCAN.rewardID does not exist at character 177
2017-11-01 22:29:43 CDT HINT:  Perhaps you meant to reference the column "SCAN.cardID".
2017-11-01 22:29:43 CDT STATEMENT:  select "BUSINESS"."businessName", "REWARD"."title", "REWARD"."descr", "REWARD"."pointsNeeded", "SCAN"."claimTimeStamp" from "SCAN" inner join "REWARD" on "REWARD"."rewardID" = "SCAN"."rewardID" inner join "BUSINESS" on "BUSINESS"."businessID" = "REWARD"."businessID" where "SCAN"."cardID" = $1
2017-11-01 22:52:55 CDT ERROR:  column "claimID" contains null values
2017-11-01 22:52:55 CDT STATEMENT:  ALTER TABLE public."CLAIMED_REWARD" DROP CONSTRAINT "CLAIMED_REWARD_pkey";
	
	ALTER TABLE public."CLAIMED_REWARD"
	    ADD CONSTRAINT "CLAIMED_REWARD_PK" PRIMARY KEY ("claimID");
2017-11-01 22:55:08 CDT ERROR:  relation "claimed_reward_claimid_seq" does not exist
2017-11-01 22:55:08 CDT STATEMENT:  ALTER TABLE public."CLAIMED_REWARD"
	    ALTER COLUMN "claimID" SET DEFAULT nextval('CLAIMED_REWARD_claimID_seq'::regclass);
2017-11-01 22:55:31 CDT ERROR:  relation "claimed_reward_claimid_seq" does not exist
2017-11-01 22:55:31 CDT STATEMENT:  ALTER TABLE public."CLAIMED_REWARD"
	    ALTER COLUMN "claimID" SET DEFAULT nextval('CLAIMED_REWARD_claimID_seq'::regclass);
2017-11-01 22:56:28 CDT ERROR:  duplicate key value violates unique constraint "CLAIMED_REWARD_pkey"
2017-11-01 22:56:28 CDT DETAIL:  Key ("claimID")=(1) already exists.
2017-11-01 22:56:28 CDT STATEMENT:  insert into "CLAIMED_REWARD" ("patronID", "rewardID", "claimTimeStamp") values ($1, $2, $3)
2017-11-01 22:57:57 CDT ERROR:  syntax error at or near "<" at character 44
2017-11-01 22:57:57 CDT STATEMENT:  DELETE FROM public."CLAIMED_REWARD"
		WHERE <condition>;
2017-11-01 23:03:55 CDT LOG:  could not receive data from client: An existing connection was forcibly closed by the remote host.
	
2017-11-01 23:03:55 CDT LOG:  could not receive data from client: An existing connection was forcibly closed by the remote host.
	
2017-11-01 23:03:55 CDT LOG:  could not receive data from client: An existing connection was forcibly closed by the remote host.
	
2017-11-01 23:03:55 CDT LOG:  could not receive data from client: An existing connection was forcibly closed by the remote host.
	
2017-11-01 23:03:55 CDT LOG:  could not receive data from client: An existing connection was forcibly closed by the remote host.
	
2017-11-01 23:03:55 CDT LOG:  could not receive data from client: An existing connection was forcibly closed by the remote host.
	
2017-11-01 23:03:55 CDT LOG:  could not receive data from client: An existing connection was forcibly closed by the remote host.
	
2017-11-01 23:03:55 CDT LOG:  could not receive data from client: An existing connection was forcibly closed by the remote host.
	
2017-11-01 23:03:55 CDT LOG:  could not receive data from client: An existing connection was forcibly closed by the remote host.
	
2017-11-01 23:03:55 CDT LOG:  could not receive data from client: An existing connection was forcibly closed by the remote host.
	
